JUnit version 4.13.2
.E.WhereDemo.thisDirectory() called
codePoints for this string:
47
104
111
109
101
47
108
105
110
117
120
47
105
101
110
103
54
47
99
115
49
53
108
119
105
50
50
47
99
115
49
53
108
119
105
50
50
97
111
103
47
115
107
105
108
108
45
100
101
109
111
49
Test ran pwd: /home/linux/ieng6/cs15lwi22/cs15lwi22aog/skill-demo1
codePoints of readLine are: 
47
104
111
109
101
47
108
105
110
117
120
47
105
101
110
103
54
47
99
115
49
53
108
119
105
50
50
47
99
115
49
53
108
119
105
50
50
97
111
103
47
115
107
105
108
108
45
100
101
109
111
49
.WhereDemo.thisDirectory(thisDir.txt) called
codePoints for this string:
47
104
111
109
101
47
108
105
110
117
120
47
105
101
110
103
54
47
99
115
49
53
108
119
105
50
50
47
99
115
49
53
108
119
105
50
50
97
111
103
47
115
107
105
108
108
45
100
101
109
111
49
10
Test ran pwd: /home/linux/ieng6/cs15lwi22/cs15lwi22aog/skill-demo1
codePoints of readLine are: 
47
104
111
109
101
47
108
105
110
117
120
47
105
101
110
103
54
47
99
115
49
53
108
119
105
50
50
47
99
115
49
53
108
119
105
50
50
97
111
103
47
115
107
105
108
108
45
100
101
109
111
49
E
Time: 0.06
There were 2 failures:
1) addition(WhereDemo_Test)
java.lang.AssertionError: expected:<5> but was:<2>
	at org.junit.Assert.fail(Assert.java:89)
	at org.junit.Assert.failNotEquals(Assert.java:835)
	at org.junit.Assert.assertEquals(Assert.java:647)
	at org.junit.Assert.assertEquals(Assert.java:633)
	at WhereDemo_Test.addition(WhereDemo_Test.java:19)
2) call_dirFromFile(WhereDemo_Test)
org.junit.ComparisonFailure: expected:<...lwi22aog/skill-demo1[]> but was:<...lwi22aog/skill-demo1[
]>
	at org.junit.Assert.assertEquals(Assert.java:117)
	at org.junit.Assert.assertEquals(Assert.java:146)
	at WhereDemo_Test.call_dirFromFile(WhereDemo_Test.java:35)

FAILURES!!!
Tests run: 3,  Failures: 2

